<?xml version="1.0" encoding="UTF-8"?>
<testsuite name="ru.stqa.pft.addressbook.tests.GroupDeletionTest" tests="1" skipped="0" failures="0" errors="0" timestamp="2019-12-06T09:25:42" hostname="N1381" time="1.993">
  <properties/>
  <testcase name="testUntitledTestCase" classname="ru.stqa.pft.addressbook.tests.GroupDeletionTest" time="1.993"/>
  <system-out><![CDATA[]]></system-out>
  <system-err><![CDATA[]]></system-err>
</testsuite>
