<?xml version="1.0" encoding="UTF-8"?>
<testsuite name="ru.stqa.pft.addressbook.tests.ContactPhoneTest" tests="1" skipped="0" failures="0" errors="0" timestamp="2019-12-06T09:42:37" hostname="N1381" time="0.688">
  <properties/>
  <testcase name="phoneTest" classname="ru.stqa.pft.addressbook.tests.ContactPhoneTest" time="0.688"/>
  <system-out><![CDATA[]]></system-out>
  <system-err><![CDATA[]]></system-err>
</testsuite>
